<?xml version = '1.0' encoding = 'UTF-8'?>
<usages xmlns="http://xmlns.oracle.com/jdeveloper/110000//usages-tracking-data">
   <hash n="system-info">
      <value n="build-label" v="271.2323"/>
      <value n="dev-build" v="false"/>
      <value n="guid" v="f2b2a7c0-015e-1000-8001-c0a801299f24"/>
      <value n="jdk-version" v="9"/>
      <value n="operating-system" v="Windows 10"/>
      <value n="product-edition"/>
      <value n="product-name" v="Oracle SQL Developer"/>
      <value n="product-version" v="17.3.0.271.2323"/>
      <value n="session-end-time" v="1507574333724"/>
      <value n="session-id" v="1507574298584"/>
      <value n="session-start-time" v="1507574298584"/>
      <value n="user-role"/>
   </hash>
   <hash n="usage-data">
      <list n="activities">
         <hash>
            <value n="event-id" v="ACTIVATE_EDITOR"/>
            <hash n="event-properties">
               <value n="node-class" v="oracle.jdevimpl.help.StartPageNode"/>
            </hash>
            <value n="event-source" v="oracle.jdevimpl.help.StartPageEditor"/>
            <value n="time-stamp" v="1507574303377"/>
         </hash>
      </list>
   </hash>
</usages>
