<?xml version = '1.0' encoding = 'UTF-8'?>
<usages xmlns="http://xmlns.oracle.com/jdeveloper/110000//usages-tracking-data">
   <hash n="system-info">
      <value n="build-label" v="MAIN-21.21"/>
      <value n="dev-build" v="false"/>
      <value n="guid" v="02ad4607-015f-1000-8001-c0a80073c88b"/>
      <value n="jdk-version" v="1.8.0_91"/>
      <value n="operating-system" v="Windows 10"/>
      <value n="product-edition"/>
      <value n="product-name" v="Oracle SQL Developer"/>
      <value n="product-version" v="4.1.4.21.21"/>
      <value n="session-end-time" v="1509706271312"/>
      <value n="session-id" v="1509703101073"/>
      <value n="session-start-time" v="1509703101073"/>
      <value n="user-role"/>
   </hash>
   <hash n="usage-data">
      <list n="activities">
         <hash>
            <value n="event-id" v="ACTIVATE_EDITOR"/>
            <hash n="event-properties">
               <value n="node-class" v="oracle.jdevimpl.help.StartPageNode"/>
            </hash>
            <value n="event-source" v="oracle.jdevimpl.help.StartPageEditor"/>
            <value n="time-stamp" v="1509703119806"/>
         </hash>
         <hash>
            <value n="event-id" v="ACTIVATE_EDITOR"/>
            <hash n="event-properties">
               <value n="node-class" v="oracle.ide.db.model.SqlNode"/>
            </hash>
            <value n="event-source" v="oracle.dbtools.worksheet.editor.Worksheet"/>
            <value n="time-stamp" v="1509703121019"/>
         </hash>
         <hash>
            <value n="event-id" v="ACTIVATE_EDITOR"/>
            <hash n="event-properties">
               <value n="node-class" v="oracle.ide.db.model.SqlNode"/>
            </hash>
            <value n="event-source" v="oracle.dbtools.worksheet.editor.Worksheet"/>
            <value n="time-stamp" v="1509703121402"/>
         </hash>
         <hash>
            <value n="event-id" v="ACTIVATE_EDITOR"/>
            <hash n="event-properties">
               <value n="node-class" v="oracle.ide.db.model.SqlNode"/>
            </hash>
            <value n="event-source" v="oracle.dbtools.worksheet.editor.Worksheet"/>
            <value n="time-stamp" v="1509703123283"/>
         </hash>
         <hash>
            <value n="event-id" v="ACTIVATE_EDITOR"/>
            <hash n="event-properties">
               <value n="node-class" v="oracle.ide.model.UnrecognizedTextNode"/>
            </hash>
            <value n="event-source" v="oracle.ide.ceditor.CodeEditor"/>
            <value n="time-stamp" v="1509703124387"/>
         </hash>
         <hash>
            <value n="event-id" v="ACTIVATE_EDITOR"/>
            <hash n="event-properties">
               <value n="node-class" v="oracle.ide.db.model.SqlNode"/>
            </hash>
            <value n="event-source" v="oracle.dbtools.worksheet.editor.Worksheet"/>
            <value n="time-stamp" v="1509703126508"/>
         </hash>
         <hash>
            <value n="event-id" v="ACTIVATE_EDITOR"/>
            <hash n="event-properties">
               <value n="node-class" v="oracle.ide.db.model.SqlNode"/>
            </hash>
            <value n="event-source" v="oracle.dbtools.worksheet.editor.Worksheet"/>
            <value n="time-stamp" v="1509703871858"/>
         </hash>
         <hash>
            <value n="event-id" v="CREATE_CONNECTION"/>
            <hash n="event-properties">
               <value n="db-type" v="oraJDBC"/>
            </hash>
            <value n="event-source" v="DB"/>
            <value n="time-stamp" v="1509704835501"/>
         </hash>
         <hash>
            <value n="event-id" v="CREATE_CONNECTION"/>
            <hash n="event-properties">
               <value n="db-type" v="oraJDBC"/>
            </hash>
            <value n="event-source" v="DB"/>
            <value n="time-stamp" v="1509704836522"/>
         </hash>
         <hash>
            <value n="event-id" v="CREATE_CONNECTION"/>
            <hash n="event-properties">
               <value n="db-type" v="oraJDBC"/>
            </hash>
            <value n="event-source" v="DB"/>
            <value n="time-stamp" v="1509704843444"/>
         </hash>
         <hash>
            <value n="event-id" v="ACTIVATE_EDITOR"/>
            <hash n="event-properties">
               <value n="node-class" v="oracle.ide.db.model.SqlNode"/>
            </hash>
            <value n="event-source" v="oracle.dbtools.worksheet.editor.Worksheet"/>
            <value n="time-stamp" v="1509704844209"/>
         </hash>
         <hash>
            <value n="event-id" v="CREATE_CONNECTION"/>
            <hash n="event-properties">
               <value n="db-type" v="oraJDBC"/>
            </hash>
            <value n="event-source" v="DB"/>
            <value n="time-stamp" v="1509705623755"/>
         </hash>
         <hash>
            <value n="event-id" v="ACTIVATE_EDITOR"/>
            <hash n="event-properties">
               <value n="node-class" v="oracle.ide.db.model.SqlNode"/>
            </hash>
            <value n="event-source" v="oracle.dbtools.worksheet.editor.Worksheet"/>
            <value n="time-stamp" v="1509705623967"/>
         </hash>
         <hash>
            <value n="event-id" v="ACTIVATE_EDITOR"/>
            <hash n="event-properties">
               <value n="node-class" v="oracle.ide.db.model.SqlNode"/>
            </hash>
            <value n="event-source" v="oracle.dbtools.worksheet.editor.Worksheet"/>
            <value n="time-stamp" v="1509705631580"/>
         </hash>
         <hash>
            <value n="event-id" v="ACTIVATE_EDITOR"/>
            <hash n="event-properties">
               <value n="node-class" v="oracle.ide.db.model.SqlNode"/>
            </hash>
            <value n="event-source" v="oracle.dbtools.worksheet.editor.Worksheet"/>
            <value n="time-stamp" v="1509705844166"/>
         </hash>
         <hash>
            <value n="event-id" v="ACTIVATE_EDITOR"/>
            <hash n="event-properties">
               <value n="node-class" v="oracle.ide.db.model.SqlNode"/>
            </hash>
            <value n="event-source" v="oracle.dbtools.worksheet.editor.Worksheet"/>
            <value n="time-stamp" v="1509705847761"/>
         </hash>
         <hash>
            <value n="event-id" v="ACTIVATE_EDITOR"/>
            <hash n="event-properties">
               <value n="node-class" v="oracle.ide.db.model.SqlNode"/>
            </hash>
            <value n="event-source" v="oracle.dbtools.worksheet.editor.Worksheet"/>
            <value n="time-stamp" v="1509705884404"/>
         </hash>
         <hash>
            <value n="event-id" v="ACTIVATE_EDITOR"/>
            <hash n="event-properties">
               <value n="node-class" v="oracle.ide.db.model.SqlNode"/>
            </hash>
            <value n="event-source" v="oracle.dbtools.worksheet.editor.Worksheet"/>
            <value n="time-stamp" v="1509705889616"/>
         </hash>
         <hash>
            <value n="event-id" v="ACTIVATE_EDITOR"/>
            <hash n="event-properties">
               <value n="node-class" v="oracle.ide.db.model.SqlNode"/>
            </hash>
            <value n="event-source" v="oracle.dbtools.worksheet.editor.Worksheet"/>
            <value n="time-stamp" v="1509705897112"/>
         </hash>
         <hash>
            <value n="event-id" v="ACTIVATE_EDITOR"/>
            <hash n="event-properties">
               <value n="node-class" v="oracle.ide.db.model.SqlNode"/>
            </hash>
            <value n="event-source" v="oracle.dbtools.worksheet.editor.Worksheet"/>
            <value n="time-stamp" v="1509705901312"/>
         </hash>
         <hash>
            <value n="event-id" v="ACTIVATE_EDITOR"/>
            <hash n="event-properties">
               <value n="node-class" v="oracle.ide.db.model.SqlNode"/>
            </hash>
            <value n="event-source" v="oracle.dbtools.worksheet.editor.Worksheet"/>
            <value n="time-stamp" v="1509705905641"/>
         </hash>
         <hash>
            <value n="event-id" v="ACTIVATE_EDITOR"/>
            <hash n="event-properties">
               <value n="node-class" v="oracle.ide.db.model.SqlNode"/>
            </hash>
            <value n="event-source" v="oracle.dbtools.worksheet.editor.Worksheet"/>
            <value n="time-stamp" v="1509705906798"/>
         </hash>
         <hash>
            <value n="event-id" v="ACTIVATE_EDITOR"/>
            <hash n="event-properties">
               <value n="node-class" v="oracle.ide.db.model.SqlNode"/>
            </hash>
            <value n="event-source" v="oracle.dbtools.worksheet.editor.Worksheet"/>
            <value n="time-stamp" v="1509705908450"/>
         </hash>
         <hash>
            <value n="event-id" v="ACTIVATE_EDITOR"/>
            <hash n="event-properties">
               <value n="node-class" v="oracle.ide.db.model.SqlNode"/>
            </hash>
            <value n="event-source" v="oracle.dbtools.worksheet.editor.Worksheet"/>
            <value n="time-stamp" v="1509705920900"/>
         </hash>
         <hash>
            <value n="event-id" v="ACTIVATE_EDITOR"/>
            <hash n="event-properties">
               <value n="node-class" v="oracle.ide.db.model.SqlNode"/>
            </hash>
            <value n="event-source" v="oracle.dbtools.worksheet.editor.Worksheet"/>
            <value n="time-stamp" v="1509705924899"/>
         </hash>
         <hash>
            <value n="event-id" v="ACTIVATE_EDITOR"/>
            <hash n="event-properties">
               <value n="node-class" v="oracle.ide.db.model.SqlNode"/>
            </hash>
            <value n="event-source" v="oracle.dbtools.worksheet.editor.Worksheet"/>
            <value n="time-stamp" v="1509705925907"/>
         </hash>
         <hash>
            <value n="event-id" v="ACTIVATE_EDITOR"/>
            <hash n="event-properties">
               <value n="node-class" v="oracle.ide.db.model.SqlNode"/>
            </hash>
            <value n="event-source" v="oracle.dbtools.worksheet.editor.Worksheet"/>
            <value n="time-stamp" v="1509705934644"/>
         </hash>
         <hash>
            <value n="event-id" v="CREATE_DOCUMENT"/>
            <hash n="event-properties">
               <value n="wizard-label" v="SQL File"/>
            </hash>
            <value n="event-source" v="oracle.dbtools.raptor.dialogs.file.NewSqlFile"/>
            <value n="time-stamp" v="1509705952052"/>
         </hash>
         <hash>
            <value n="event-id" v="ACTIVATE_EDITOR"/>
            <hash n="event-properties">
               <value n="node-class" v="oracle.ide.db.model.SqlNode"/>
            </hash>
            <value n="event-source" v="oracle.dbtools.worksheet.editor.Worksheet"/>
            <value n="time-stamp" v="1509705969282"/>
         </hash>
         <hash>
            <value n="event-id" v="CREATE_DOCUMENT"/>
            <hash n="event-properties">
               <value n="wizard-label" v="SQL File"/>
            </hash>
            <value n="event-source" v="oracle.dbtools.raptor.dialogs.file.NewSqlFile"/>
            <value n="time-stamp" v="1509705974916"/>
         </hash>
         <hash>
            <value n="event-id" v="ACTIVATE_EDITOR"/>
            <hash n="event-properties">
               <value n="node-class" v="oracle.ide.db.model.SqlNode"/>
            </hash>
            <value n="event-source" v="oracle.dbtools.worksheet.editor.Worksheet"/>
            <value n="time-stamp" v="1509705985923"/>
         </hash>
         <hash>
            <value n="event-id" v="CREATE_DOCUMENT"/>
            <hash n="event-properties">
               <value n="wizard-label" v="SQL File"/>
            </hash>
            <value n="event-source" v="oracle.dbtools.raptor.dialogs.file.NewSqlFile"/>
            <value n="time-stamp" v="1509705996607"/>
         </hash>
         <hash>
            <value n="event-id" v="ACTIVATE_EDITOR"/>
            <hash n="event-properties">
               <value n="node-class" v="oracle.ide.db.model.SqlNode"/>
            </hash>
            <value n="event-source" v="oracle.dbtools.worksheet.editor.Worksheet"/>
            <value n="time-stamp" v="1509706006383"/>
         </hash>
         <hash>
            <value n="event-id" v="CREATE_DOCUMENT"/>
            <hash n="event-properties">
               <value n="wizard-label" v="SQL File"/>
            </hash>
            <value n="event-source" v="oracle.dbtools.raptor.dialogs.file.NewSqlFile"/>
            <value n="time-stamp" v="1509706010504"/>
         </hash>
         <hash>
            <value n="event-id" v="ACTIVATE_EDITOR"/>
            <hash n="event-properties">
               <value n="node-class" v="oracle.ide.db.model.SqlNode"/>
            </hash>
            <value n="event-source" v="oracle.dbtools.worksheet.editor.Worksheet"/>
            <value n="time-stamp" v="1509706021372"/>
         </hash>
         <hash>
            <value n="event-id" v="CREATE_DOCUMENT"/>
            <hash n="event-properties">
               <value n="wizard-label" v="SQL File"/>
            </hash>
            <value n="event-source" v="oracle.dbtools.raptor.dialogs.file.NewSqlFile"/>
            <value n="time-stamp" v="1509706026030"/>
         </hash>
         <hash>
            <value n="event-id" v="ACTIVATE_EDITOR"/>
            <hash n="event-properties">
               <value n="node-class" v="oracle.ide.db.model.SqlNode"/>
            </hash>
            <value n="event-source" v="oracle.dbtools.worksheet.editor.Worksheet"/>
            <value n="time-stamp" v="1509706033337"/>
         </hash>
         <hash>
            <value n="event-id" v="ACTIVATE_EDITOR"/>
            <hash n="event-properties">
               <value n="node-class" v="oracle.ide.db.model.SqlNode"/>
            </hash>
            <value n="event-source" v="oracle.dbtools.worksheet.editor.Worksheet"/>
            <value n="time-stamp" v="1509706072500"/>
         </hash>
         <hash>
            <value n="event-id" v="ACTIVATE_EDITOR"/>
            <hash n="event-properties">
               <value n="node-class" v="oracle.ide.db.model.SqlNode"/>
            </hash>
            <value n="event-source" v="oracle.dbtools.worksheet.editor.Worksheet"/>
            <value n="time-stamp" v="1509706075634"/>
         </hash>
         <hash>
            <value n="event-id" v="ACTIVATE_EDITOR"/>
            <hash n="event-properties">
               <value n="node-class" v="oracle.ide.db.model.SqlNode"/>
            </hash>
            <value n="event-source" v="oracle.dbtools.worksheet.editor.Worksheet"/>
            <value n="time-stamp" v="1509706102173"/>
         </hash>
         <hash>
            <value n="event-id" v="ACTIVATE_EDITOR"/>
            <hash n="event-properties">
               <value n="node-class" v="oracle.ide.db.model.SqlNode"/>
            </hash>
            <value n="event-source" v="oracle.dbtools.worksheet.editor.Worksheet"/>
            <value n="time-stamp" v="1509706111035"/>
         </hash>
         <hash>
            <value n="event-id" v="ACTIVATE_EDITOR"/>
            <hash n="event-properties">
               <value n="node-class" v="oracle.ide.db.model.SqlNode"/>
            </hash>
            <value n="event-source" v="oracle.dbtools.worksheet.editor.Worksheet"/>
            <value n="time-stamp" v="1509706118801"/>
         </hash>
         <hash>
            <value n="event-id" v="ACTIVATE_EDITOR"/>
            <hash n="event-properties">
               <value n="node-class" v="oracle.ide.db.model.SqlNode"/>
            </hash>
            <value n="event-source" v="oracle.dbtools.worksheet.editor.Worksheet"/>
            <value n="time-stamp" v="1509706127356"/>
         </hash>
         <hash>
            <value n="event-id" v="ACTIVATE_EDITOR"/>
            <hash n="event-properties">
               <value n="node-class" v="oracle.ide.db.model.SqlNode"/>
            </hash>
            <value n="event-source" v="oracle.dbtools.worksheet.editor.Worksheet"/>
            <value n="time-stamp" v="1509706173140"/>
         </hash>
         <hash>
            <value n="event-id" v="ACTIVATE_EDITOR"/>
            <hash n="event-properties">
               <value n="node-class" v="oracle.ide.db.model.SqlNode"/>
            </hash>
            <value n="event-source" v="oracle.dbtools.worksheet.editor.Worksheet"/>
            <value n="time-stamp" v="1509706191168"/>
         </hash>
         <hash>
            <value n="event-id" v="ACTIVATE_EDITOR"/>
            <hash n="event-properties">
               <value n="node-class" v="oracle.ide.db.model.SqlNode"/>
            </hash>
            <value n="event-source" v="oracle.dbtools.worksheet.editor.Worksheet"/>
            <value n="time-stamp" v="1509706194863"/>
         </hash>
         <hash>
            <value n="event-id" v="ACTIVATE_EDITOR"/>
            <hash n="event-properties">
               <value n="node-class" v="oracle.ide.db.model.SqlNode"/>
            </hash>
            <value n="event-source" v="oracle.dbtools.worksheet.editor.Worksheet"/>
            <value n="time-stamp" v="1509706208353"/>
         </hash>
         <hash>
            <value n="event-id" v="ACTIVATE_EDITOR"/>
            <hash n="event-properties">
               <value n="node-class" v="oracle.ide.db.model.SqlNode"/>
            </hash>
            <value n="event-source" v="oracle.dbtools.worksheet.editor.Worksheet"/>
            <value n="time-stamp" v="1509706221016"/>
         </hash>
         <hash>
            <value n="event-id" v="ACTIVATE_EDITOR"/>
            <hash n="event-properties">
               <value n="node-class" v="oracle.ide.db.model.SqlNode"/>
            </hash>
            <value n="event-source" v="oracle.dbtools.worksheet.editor.Worksheet"/>
            <value n="time-stamp" v="1509706239694"/>
         </hash>
         <hash>
            <value n="event-id" v="ACTIVATE_EDITOR"/>
            <hash n="event-properties">
               <value n="node-class" v="oracle.ide.db.model.SqlNode"/>
            </hash>
            <value n="event-source" v="oracle.dbtools.worksheet.editor.Worksheet"/>
            <value n="time-stamp" v="1509706260285"/>
         </hash>
         <hash>
            <value n="event-id" v="CREATE_CONNECTION"/>
            <hash n="event-properties">
               <value n="scm-type" v="Git"/>
            </hash>
            <value n="event-source" v="SCM"/>
            <value n="time-stamp" v="1509706271317"/>
         </hash>
      </list>
   </hash>
</usages>
