<?xml version = '1.0' encoding = 'UTF-8'?>
<usages xmlns="http://xmlns.oracle.com/jdeveloper/110000//usages-tracking-data">
   <hash n="system-info">
      <value n="build-label" v="MAIN-21.21"/>
      <value n="dev-build" v="false"/>
      <value n="guid" v="02ad4607-015f-1000-8001-c0a80073c88b"/>
      <value n="jdk-version" v="1.8.0_91"/>
      <value n="operating-system" v="Windows 10"/>
      <value n="product-edition"/>
      <value n="product-name" v="Oracle SQL Developer"/>
      <value n="product-version" v="4.1.4.21.21"/>
      <value n="session-end-time" v="1510235109940"/>
      <value n="session-id" v="1510232612844"/>
      <value n="session-start-time" v="1510232612844"/>
      <value n="user-role"/>
   </hash>
   <hash n="usage-data">
      <list n="activities">
         <hash>
            <value n="event-id" v="ACTIVATE_EDITOR"/>
            <hash n="event-properties">
               <value n="node-class" v="oracle.ide.db.model.SqlNode"/>
            </hash>
            <value n="event-source" v="oracle.dbtools.worksheet.editor.Worksheet"/>
            <value n="time-stamp" v="1510232614960"/>
         </hash>
         <hash>
            <value n="event-id" v="ACTIVATE_EDITOR"/>
            <hash n="event-properties">
               <value n="node-class" v="oracle.ide.db.model.SqlNode"/>
            </hash>
            <value n="event-source" v="oracle.dbtools.worksheet.editor.Worksheet"/>
            <value n="time-stamp" v="1510232618562"/>
         </hash>
         <hash>
            <value n="event-id" v="ACTIVATE_EDITOR"/>
            <hash n="event-properties">
               <value n="node-class" v="oracle.ide.db.model.SqlNode"/>
            </hash>
            <value n="event-source" v="oracle.dbtools.worksheet.editor.Worksheet"/>
            <value n="time-stamp" v="1510232621300"/>
         </hash>
         <hash>
            <value n="event-id" v="ACTIVATE_EDITOR"/>
            <hash n="event-properties">
               <value n="node-class" v="oracle.ide.db.model.SqlNode"/>
            </hash>
            <value n="event-source" v="oracle.dbtools.worksheet.editor.Worksheet"/>
            <value n="time-stamp" v="1510232655828"/>
         </hash>
         <hash>
            <value n="event-id" v="ACTIVATE_EDITOR"/>
            <hash n="event-properties">
               <value n="node-class" v="oracle.ide.db.model.SqlNode"/>
            </hash>
            <value n="event-source" v="oracle.dbtools.worksheet.editor.Worksheet"/>
            <value n="time-stamp" v="1510233110205"/>
         </hash>
         <hash>
            <value n="event-id" v="ACTIVATE_EDITOR"/>
            <hash n="event-properties">
               <value n="node-class" v="oracle.ide.db.model.SqlNode"/>
            </hash>
            <value n="event-source" v="oracle.dbtools.worksheet.editor.Worksheet"/>
            <value n="time-stamp" v="1510233131460"/>
         </hash>
         <hash>
            <value n="event-id" v="ACTIVATE_EDITOR"/>
            <hash n="event-properties">
               <value n="node-class" v="oracle.ide.db.model.SqlNode"/>
            </hash>
            <value n="event-source" v="oracle.dbtools.worksheet.editor.Worksheet"/>
            <value n="time-stamp" v="1510233703931"/>
         </hash>
         <hash>
            <value n="event-id" v="ACTIVATE_EDITOR"/>
            <hash n="event-properties">
               <value n="node-class" v="oracle.dbtools.raptor.oviewer.base.ViewerNode"/>
            </hash>
            <value n="event-source" v="oracle.dbtools.raptor.oviewer.xmleditor.holders.XMLBasedEditor0"/>
            <value n="time-stamp" v="1510234557049"/>
         </hash>
         <hash>
            <value n="event-id" v="ACTIVATE_EDITOR"/>
            <hash n="event-properties">
               <value n="node-class" v="oracle.ide.db.model.SqlNode"/>
            </hash>
            <value n="event-source" v="oracle.dbtools.worksheet.editor.Worksheet"/>
            <value n="time-stamp" v="1510234568127"/>
         </hash>
         <hash>
            <value n="event-id" v="ACTIVATE_EDITOR"/>
            <hash n="event-properties">
               <value n="node-class" v="oracle.ide.db.model.SqlNode"/>
            </hash>
            <value n="event-source" v="oracle.dbtools.worksheet.editor.Worksheet"/>
            <value n="time-stamp" v="1510234570232"/>
         </hash>
         <hash>
            <value n="event-id" v="ACTIVATE_EDITOR"/>
            <hash n="event-properties">
               <value n="node-class" v="oracle.ide.db.model.SqlNode"/>
            </hash>
            <value n="event-source" v="oracle.dbtools.worksheet.editor.Worksheet"/>
            <value n="time-stamp" v="1510234571239"/>
         </hash>
         <hash>
            <value n="event-id" v="ACTIVATE_EDITOR"/>
            <hash n="event-properties">
               <value n="node-class" v="oracle.ide.db.model.SqlNode"/>
            </hash>
            <value n="event-source" v="oracle.dbtools.worksheet.editor.Worksheet"/>
            <value n="time-stamp" v="1510235079719"/>
         </hash>
      </list>
   </hash>
</usages>
