<?xml version = '1.0' encoding = 'UTF-8'?>
<usages xmlns="http://xmlns.oracle.com/jdeveloper/110000//usages-tracking-data">
   <hash n="system-info">
      <value n="build-label" v="MAIN-21.21"/>
      <value n="dev-build" v="false"/>
      <value n="guid" v="02ad4607-015f-1000-8001-c0a80073c88b"/>
      <value n="jdk-version" v="1.8.0_91"/>
      <value n="operating-system" v="Windows 10"/>
      <value n="product-edition"/>
      <value n="product-name" v="Oracle SQL Developer"/>
      <value n="product-version" v="4.1.4.21.21"/>
      <value n="session-end-time" v="1509987275324"/>
      <value n="session-id" v="1509984572441"/>
      <value n="session-start-time" v="1509984572441"/>
      <value n="user-role"/>
   </hash>
   <hash n="usage-data">
      <list n="activities">
         <hash>
            <value n="event-id" v="ACTIVATE_EDITOR"/>
            <hash n="event-properties">
               <value n="node-class" v="oracle.ide.db.model.SqlNode"/>
            </hash>
            <value n="event-source" v="oracle.dbtools.worksheet.editor.Worksheet"/>
            <value n="time-stamp" v="1509984575309"/>
         </hash>
         <hash>
            <value n="event-id" v="ACTIVATE_EDITOR"/>
            <hash n="event-properties">
               <value n="node-class" v="oracle.ide.db.model.SqlNode"/>
            </hash>
            <value n="event-source" v="oracle.dbtools.worksheet.editor.Worksheet"/>
            <value n="time-stamp" v="1509984585866"/>
         </hash>
         <hash>
            <value n="event-id" v="ACTIVATE_EDITOR"/>
            <hash n="event-properties">
               <value n="node-class" v="oracle.ide.db.model.SqlNode"/>
            </hash>
            <value n="event-source" v="oracle.dbtools.worksheet.editor.Worksheet"/>
            <value n="time-stamp" v="1509985230382"/>
         </hash>
         <hash>
            <value n="event-id" v="ACTIVATE_EDITOR"/>
            <hash n="event-properties">
               <value n="node-class" v="oracle.ide.db.model.SqlNode"/>
            </hash>
            <value n="event-source" v="oracle.dbtools.worksheet.editor.Worksheet"/>
            <value n="time-stamp" v="1509985233089"/>
         </hash>
         <hash>
            <value n="event-id" v="ACTIVATE_EDITOR"/>
            <hash n="event-properties">
               <value n="node-class" v="oracle.ide.db.model.SqlNode"/>
            </hash>
            <value n="event-source" v="oracle.dbtools.worksheet.editor.Worksheet"/>
            <value n="time-stamp" v="1509985236420"/>
         </hash>
         <hash>
            <value n="event-id" v="ACTIVATE_EDITOR"/>
            <hash n="event-properties">
               <value n="node-class" v="oracle.ide.db.model.SqlNode"/>
            </hash>
            <value n="event-source" v="oracle.dbtools.worksheet.editor.Worksheet"/>
            <value n="time-stamp" v="1509986591612"/>
         </hash>
         <hash>
            <value n="event-id" v="ACTIVATE_EDITOR"/>
            <hash n="event-properties">
               <value n="node-class" v="oracle.dbtools.raptor.oviewer.base.ViewerNode"/>
            </hash>
            <value n="event-source" v="oracle.dbtools.raptor.oviewer.xmleditor.holders.XMLBasedEditor0"/>
            <value n="time-stamp" v="1509986623072"/>
         </hash>
         <hash>
            <value n="event-id" v="ACTIVATE_EDITOR"/>
            <hash n="event-properties">
               <value n="node-class" v="oracle.dbtools.raptor.oviewer.base.ViewerNode"/>
            </hash>
            <value n="event-source" v="oracle.dbtools.raptor.oviewer.xmleditor.holders.XMLBasedEditor0"/>
            <value n="time-stamp" v="1509986646911"/>
         </hash>
         <hash>
            <value n="event-id" v="ACTIVATE_EDITOR"/>
            <hash n="event-properties">
               <value n="node-class" v="oracle.ide.db.model.SqlNode"/>
            </hash>
            <value n="event-source" v="oracle.dbtools.worksheet.editor.Worksheet"/>
            <value n="time-stamp" v="1509986738979"/>
         </hash>
         <hash>
            <value n="event-id" v="ACTIVATE_EDITOR"/>
            <hash n="event-properties">
               <value n="node-class" v="oracle.ide.db.model.SqlNode"/>
            </hash>
            <value n="event-source" v="oracle.dbtools.worksheet.editor.Worksheet"/>
            <value n="time-stamp" v="1509986752758"/>
         </hash>
         <hash>
            <value n="event-id" v="ACTIVATE_EDITOR"/>
            <hash n="event-properties">
               <value n="node-class" v="oracle.ide.db.model.SqlNode"/>
            </hash>
            <value n="event-source" v="oracle.dbtools.worksheet.editor.Worksheet"/>
            <value n="time-stamp" v="1509986887875"/>
         </hash>
         <hash>
            <value n="event-id" v="ACTIVATE_EDITOR"/>
            <hash n="event-properties">
               <value n="node-class" v="oracle.ide.db.model.SqlNode"/>
            </hash>
            <value n="event-source" v="oracle.dbtools.worksheet.editor.Worksheet"/>
            <value n="time-stamp" v="1509986992172"/>
         </hash>
         <hash>
            <value n="event-id" v="ACTIVATE_EDITOR"/>
            <hash n="event-properties">
               <value n="node-class" v="oracle.ide.db.model.SqlNode"/>
            </hash>
            <value n="event-source" v="oracle.dbtools.worksheet.editor.Worksheet"/>
            <value n="time-stamp" v="1509987097715"/>
         </hash>
         <hash>
            <value n="event-id" v="ACTIVATE_EDITOR"/>
            <hash n="event-properties">
               <value n="node-class" v="oracle.ide.db.model.SqlNode"/>
            </hash>
            <value n="event-source" v="oracle.dbtools.worksheet.editor.Worksheet"/>
            <value n="time-stamp" v="1509987109208"/>
         </hash>
         <hash>
            <value n="event-id" v="ACTIVATE_EDITOR"/>
            <hash n="event-properties">
               <value n="node-class" v="oracle.ide.db.model.SqlNode"/>
            </hash>
            <value n="event-source" v="oracle.dbtools.worksheet.editor.Worksheet"/>
            <value n="time-stamp" v="1509987125427"/>
         </hash>
         <hash>
            <value n="event-id" v="ACTIVATE_EDITOR"/>
            <hash n="event-properties">
               <value n="node-class" v="oracle.ide.db.model.SqlNode"/>
            </hash>
            <value n="event-source" v="oracle.dbtools.worksheet.editor.Worksheet"/>
            <value n="time-stamp" v="1509987193894"/>
         </hash>
         <hash>
            <value n="event-id" v="ACTIVATE_EDITOR"/>
            <hash n="event-properties">
               <value n="node-class" v="oracle.ide.db.model.SqlNode"/>
            </hash>
            <value n="event-source" v="oracle.dbtools.worksheet.editor.Worksheet"/>
            <value n="time-stamp" v="1509987251027"/>
         </hash>
         <hash>
            <value n="event-id" v="ACTIVATE_EDITOR"/>
            <hash n="event-properties">
               <value n="node-class" v="oracle.dbtools.raptor.oviewer.base.ViewerNode"/>
            </hash>
            <value n="event-source" v="oracle.dbtools.raptor.oviewer.xmleditor.holders.XMLBasedEditor0"/>
            <value n="time-stamp" v="1509987251409"/>
         </hash>
         <hash>
            <value n="event-id" v="ACTIVATE_EDITOR"/>
            <hash n="event-properties">
               <value n="node-class" v="oracle.ide.db.model.SqlNode"/>
            </hash>
            <value n="event-source" v="oracle.dbtools.worksheet.editor.Worksheet"/>
            <value n="time-stamp" v="1509987252954"/>
         </hash>
         <hash>
            <value n="event-id" v="ACTIVATE_EDITOR"/>
            <hash n="event-properties">
               <value n="node-class" v="oracle.dbtools.raptor.oviewer.base.ViewerNode"/>
            </hash>
            <value n="event-source" v="oracle.dbtools.raptor.oviewer.xmleditor.holders.XMLBasedEditor0"/>
            <value n="time-stamp" v="1509987269865"/>
         </hash>
         <hash>
            <value n="event-id" v="ACTIVATE_EDITOR"/>
            <hash n="event-properties">
               <value n="node-class" v="oracle.ide.db.model.SqlNode"/>
            </hash>
            <value n="event-source" v="oracle.dbtools.worksheet.editor.Worksheet"/>
            <value n="time-stamp" v="1509987271119"/>
         </hash>
      </list>
   </hash>
</usages>
