<?xml version = '1.0' encoding = 'UTF-8'?>
<usages xmlns="http://xmlns.oracle.com/jdeveloper/110000//usages-tracking-data">
   <hash n="system-info">
      <value n="build-label" v="MAIN-21.21"/>
      <value n="dev-build" v="false"/>
      <value n="guid" v="02ad4607-015f-1000-8001-c0a80073c88b"/>
      <value n="jdk-version" v="1.8.0_91"/>
      <value n="operating-system" v="Windows 10"/>
      <value n="product-edition"/>
      <value n="product-name" v="Oracle SQL Developer"/>
      <value n="product-version" v="4.1.4.21.21"/>
      <value n="session-end-time" v="1510232580563"/>
      <value n="session-id" v="1510232115005"/>
      <value n="session-start-time" v="1510232115005"/>
      <value n="user-role"/>
   </hash>
   <hash n="usage-data">
      <list n="activities">
         <hash>
            <value n="event-id" v="ACTIVATE_EDITOR"/>
            <hash n="event-properties">
               <value n="node-class" v="oracle.ide.db.model.SqlNode"/>
            </hash>
            <value n="event-source" v="oracle.dbtools.worksheet.editor.Worksheet"/>
            <value n="time-stamp" v="1510232117194"/>
         </hash>
         <hash>
            <value n="event-id" v="ACTIVATE_EDITOR"/>
            <hash n="event-properties">
               <value n="node-class" v="oracle.ide.db.model.SqlNode"/>
            </hash>
            <value n="event-source" v="oracle.dbtools.worksheet.editor.Worksheet"/>
            <value n="time-stamp" v="1510232464430"/>
         </hash>
         <hash>
            <value n="event-id" v="CREATE_DOCUMENT"/>
            <hash n="event-properties">
               <value n="wizard-label" v="Database Connection"/>
            </hash>
            <value n="event-source" v="oracle.jdevimpl.db.DBConnWizard"/>
            <value n="time-stamp" v="1510232493819"/>
         </hash>
         <hash>
            <value n="event-id" v="CREATE_DOCUMENT"/>
            <hash n="event-properties">
               <value n="wizard-label" v="SQL File"/>
            </hash>
            <value n="event-source" v="oracle.dbtools.raptor.dialogs.file.NewSqlFile"/>
            <value n="time-stamp" v="1510232503290"/>
         </hash>
         <hash>
            <value n="event-id" v="ACTIVATE_EDITOR"/>
            <hash n="event-properties">
               <value n="node-class" v="oracle.ide.db.model.SqlNode"/>
            </hash>
            <value n="event-source" v="oracle.dbtools.worksheet.editor.Worksheet"/>
            <value n="time-stamp" v="1510232512343"/>
         </hash>
      </list>
   </hash>
</usages>
